
>>> Launching Long-Term Forecasting Pipeline | Model: tqnet_dual <<<
时间特征已重新校准 (Hour, DayOfWeek, Month)
★ 智能清洗: 在非夏季检测到 8 个异常高值(>6700)，正在修复...
★ 清洗完成。夏季高负荷已保留。
[Info] Correlation heatmap saved.
最终保留特征: ['all_kwh', 'year', 'month', 'day', 'hour', 'day_of_week', 'is_weekend', 'season', 'hour_sin', 'hour_cos', 'day_of_week_sin', 'day_of_week_cos', 'is_weekend_sin', 'is_weekend_cos', 'season_sin', 'season_cos', 'holiday', 'temperature', 'humidity', 'dew_point', 'temp_feels', 'precipitation', 'wet_bulb_temperature', 'is_day', 'sunshine_duration', 'direct_radiation', 'wind_speed', 'wind_direction', 'wind_gusts', 'shortwave_radiation', 'wind_dir_sin', 'wind_dir_cos', 'cooling_index', 'THI', 'dewpoint_spread', 'solar_load', 'wind_speed_sq', 'schedule_open', 'energy_type_numeric', 'CDH', 'CDH_Rolling_3h', 'hours_from_open', 'is_precooling', 'is_weekend_startup', 'is_startup_window', 'is_shutdown_window', 'lag24', 'lag168', 'weekend_lag168', 'weekday_lag24', 'ramp_24', 'mean_24_4h', 'temp_diff_24', 'temp_slope_3h']
[Info] Object saved to: ./output_results_20260409_135145/Task2_LongTerm/models/scaler_long.pkl
Long-Term Input Features: 54
Start Long-Term Training (30-Day Horizon)...
Epoch 001 | Train Loss: 0.397819 | Val Loss: 0.182676 | LR: 0.000100
Validation loss decreased (inf --> 0.182676). Saving model ...
Epoch 002 | Train Loss: 0.219387 | Val Loss: 0.121616 | LR: 0.000100
Validation loss decreased (0.182676 --> 0.121616). Saving model ...
Epoch 003 | Train Loss: 0.195510 | Val Loss: 0.107432 | LR: 0.000100
Validation loss decreased (0.121616 --> 0.107432). Saving model ...
Epoch 004 | Train Loss: 0.184204 | Val Loss: 0.099558 | LR: 0.000100
Validation loss decreased (0.107432 --> 0.099558). Saving model ...
Epoch 005 | Train Loss: 0.176588 | Val Loss: 0.097763 | LR: 0.000100
Validation loss decreased (0.099558 --> 0.097763). Saving model ...
Epoch 006 | Train Loss: 0.170699 | Val Loss: 0.095126 | LR: 0.000100
Validation loss decreased (0.097763 --> 0.095126). Saving model ...
Epoch 007 | Train Loss: 0.166175 | Val Loss: 0.093335 | LR: 0.000100
Validation loss decreased (0.095126 --> 0.093335). Saving model ...
Epoch 008 | Train Loss: 0.162116 | Val Loss: 0.094720 | LR: 0.000100
EarlyStopping counter: 1 out of 30
Epoch 009 | Train Loss: 0.158644 | Val Loss: 0.095245 | LR: 0.000100
EarlyStopping counter: 2 out of 30
Epoch 010 | Train Loss: 0.155763 | Val Loss: 0.093292 | LR: 0.000100
Validation loss decreased (0.093335 --> 0.093292). Saving model ...
Epoch 011 | Train Loss: 0.152567 | Val Loss: 0.095664 | LR: 0.000100
EarlyStopping counter: 1 out of 30
Epoch 012 | Train Loss: 0.149592 | Val Loss: 0.089570 | LR: 0.000100
Validation loss decreased (0.093292 --> 0.089570). Saving model ...
Epoch 013 | Train Loss: 0.147049 | Val Loss: 0.088210 | LR: 0.000100
Validation loss decreased (0.089570 --> 0.088210). Saving model ...
Epoch 014 | Train Loss: 0.144893 | Val Loss: 0.089090 | LR: 0.000100
EarlyStopping counter: 1 out of 30
Epoch 015 | Train Loss: 0.142711 | Val Loss: 0.086696 | LR: 0.000100
Validation loss decreased (0.088210 --> 0.086696). Saving model ...
Epoch 016 | Train Loss: 0.140325 | Val Loss: 0.088361 | LR: 0.000100
EarlyStopping counter: 1 out of 30
Epoch 017 | Train Loss: 0.138366 | Val Loss: 0.087870 | LR: 0.000100
EarlyStopping counter: 2 out of 30
Epoch 018 | Train Loss: 0.136528 | Val Loss: 0.086545 | LR: 0.000100
Validation loss decreased (0.086696 --> 0.086545). Saving model ...
Epoch 019 | Train Loss: 0.134690 | Val Loss: 0.086863 | LR: 0.000100
EarlyStopping counter: 1 out of 30
Epoch 020 | Train Loss: 0.133312 | Val Loss: 0.085979 | LR: 0.000099
Validation loss decreased (0.086545 --> 0.085979). Saving model ...
Epoch 021 | Train Loss: 0.132058 | Val Loss: 0.087125 | LR: 0.000099
EarlyStopping counter: 1 out of 30
Epoch 022 | Train Loss: 0.130450 | Val Loss: 0.085880 | LR: 0.000099
Validation loss decreased (0.085979 --> 0.085880). Saving model ...
Epoch 023 | Train Loss: 0.129178 | Val Loss: 0.087485 | LR: 0.000099
EarlyStopping counter: 1 out of 30
Epoch 024 | Train Loss: 0.127709 | Val Loss: 0.086556 | LR: 0.000099
EarlyStopping counter: 2 out of 30
Epoch 025 | Train Loss: 0.126407 | Val Loss: 0.087067 | LR: 0.000099
EarlyStopping counter: 3 out of 30
Epoch 026 | Train Loss: 0.125800 | Val Loss: 0.087232 | LR: 0.000099
EarlyStopping counter: 4 out of 30
Epoch 027 | Train Loss: 0.124824 | Val Loss: 0.086518 | LR: 0.000099
EarlyStopping counter: 5 out of 30
Epoch 028 | Train Loss: 0.123837 | Val Loss: 0.084122 | LR: 0.000099
Validation loss decreased (0.085880 --> 0.084122). Saving model ...
Epoch 029 | Train Loss: 0.122902 | Val Loss: 0.084089 | LR: 0.000099
Validation loss decreased (0.084122 --> 0.084089). Saving model ...
Epoch 030 | Train Loss: 0.122103 | Val Loss: 0.082370 | LR: 0.000099
Validation loss decreased (0.084089 --> 0.082370). Saving model ...
Epoch 031 | Train Loss: 0.121172 | Val Loss: 0.086273 | LR: 0.000099
EarlyStopping counter: 1 out of 30
Epoch 032 | Train Loss: 0.120425 | Val Loss: 0.084808 | LR: 0.000099
EarlyStopping counter: 2 out of 30
Epoch 033 | Train Loss: 0.119934 | Val Loss: 0.084896 | LR: 0.000098
EarlyStopping counter: 3 out of 30
Epoch 034 | Train Loss: 0.119440 | Val Loss: 0.081704 | LR: 0.000098
Validation loss decreased (0.082370 --> 0.081704). Saving model ...
Epoch 035 | Train Loss: 0.118964 | Val Loss: 0.082752 | LR: 0.000098
EarlyStopping counter: 1 out of 30
Epoch 036 | Train Loss: 0.118215 | Val Loss: 0.087626 | LR: 0.000098
EarlyStopping counter: 2 out of 30
Epoch 037 | Train Loss: 0.117842 | Val Loss: 0.083758 | LR: 0.000098
EarlyStopping counter: 3 out of 30
Epoch 038 | Train Loss: 0.117418 | Val Loss: 0.083412 | LR: 0.000098
EarlyStopping counter: 4 out of 30
Epoch 039 | Train Loss: 0.116973 | Val Loss: 0.082741 | LR: 0.000098
EarlyStopping counter: 5 out of 30
Epoch 040 | Train Loss: 0.116379 | Val Loss: 0.082961 | LR: 0.000098
EarlyStopping counter: 6 out of 30
Epoch 041 | Train Loss: 0.115933 | Val Loss: 0.082735 | LR: 0.000098
EarlyStopping counter: 7 out of 30
Epoch 042 | Train Loss: 0.115965 | Val Loss: 0.081286 | LR: 0.000097
Validation loss decreased (0.081704 --> 0.081286). Saving model ...
Epoch 043 | Train Loss: 0.115198 | Val Loss: 0.083442 | LR: 0.000097
EarlyStopping counter: 1 out of 30
Epoch 044 | Train Loss: 0.114908 | Val Loss: 0.082470 | LR: 0.000097
EarlyStopping counter: 2 out of 30
Epoch 045 | Train Loss: 0.114288 | Val Loss: 0.083810 | LR: 0.000097
EarlyStopping counter: 3 out of 30
Epoch 046 | Train Loss: 0.114219 | Val Loss: 0.083860 | LR: 0.000097
EarlyStopping counter: 4 out of 30
Epoch 047 | Train Loss: 0.113863 | Val Loss: 0.082055 | LR: 0.000097
EarlyStopping counter: 5 out of 30
Epoch 048 | Train Loss: 0.113477 | Val Loss: 0.084014 | LR: 0.000097
EarlyStopping counter: 6 out of 30
Epoch 049 | Train Loss: 0.112933 | Val Loss: 0.083999 | LR: 0.000097
EarlyStopping counter: 7 out of 30
Epoch 050 | Train Loss: 0.112621 | Val Loss: 0.080735 | LR: 0.000096
Validation loss decreased (0.081286 --> 0.080735). Saving model ...
Epoch 051 | Train Loss: 0.112421 | Val Loss: 0.084554 | LR: 0.000096
EarlyStopping counter: 1 out of 30
Epoch 052 | Train Loss: 0.112229 | Val Loss: 0.083681 | LR: 0.000096
EarlyStopping counter: 2 out of 30
Epoch 053 | Train Loss: 0.112095 | Val Loss: 0.083320 | LR: 0.000096
EarlyStopping counter: 3 out of 30
Epoch 054 | Train Loss: 0.111709 | Val Loss: 0.086770 | LR: 0.000096
EarlyStopping counter: 4 out of 30
Epoch 055 | Train Loss: 0.111592 | Val Loss: 0.084792 | LR: 0.000096
EarlyStopping counter: 5 out of 30
Epoch 056 | Train Loss: 0.111035 | Val Loss: 0.081502 | LR: 0.000095
EarlyStopping counter: 6 out of 30
Epoch 057 | Train Loss: 0.110823 | Val Loss: 0.081600 | LR: 0.000095
EarlyStopping counter: 7 out of 30
Epoch 058 | Train Loss: 0.110834 | Val Loss: 0.080851 | LR: 0.000095
EarlyStopping counter: 8 out of 30
Epoch 059 | Train Loss: 0.110609 | Val Loss: 0.081754 | LR: 0.000095
EarlyStopping counter: 9 out of 30
Epoch 060 | Train Loss: 0.110110 | Val Loss: 0.090398 | LR: 0.000095
EarlyStopping counter: 10 out of 30
Epoch 061 | Train Loss: 0.110500 | Val Loss: 0.086411 | LR: 0.000095
EarlyStopping counter: 11 out of 30
Epoch 062 | Train Loss: 0.109823 | Val Loss: 0.085289 | LR: 0.000094
EarlyStopping counter: 12 out of 30
Epoch 063 | Train Loss: 0.109607 | Val Loss: 0.087733 | LR: 0.000094
EarlyStopping counter: 13 out of 30
Epoch 064 | Train Loss: 0.109076 | Val Loss: 0.082521 | LR: 0.000094
EarlyStopping counter: 14 out of 30
Epoch 065 | Train Loss: 0.109229 | Val Loss: 0.084997 | LR: 0.000094
EarlyStopping counter: 15 out of 30
Epoch 066 | Train Loss: 0.109244 | Val Loss: 0.084830 | LR: 0.000094
EarlyStopping counter: 16 out of 30
Epoch 067 | Train Loss: 0.108931 | Val Loss: 0.085306 | LR: 0.000093
EarlyStopping counter: 17 out of 30
Epoch 068 | Train Loss: 0.108573 | Val Loss: 0.083977 | LR: 0.000093
EarlyStopping counter: 18 out of 30
Epoch 069 | Train Loss: 0.108289 | Val Loss: 0.081730 | LR: 0.000093
EarlyStopping counter: 19 out of 30
Epoch 070 | Train Loss: 0.108351 | Val Loss: 0.081038 | LR: 0.000093
EarlyStopping counter: 20 out of 30
Epoch 071 | Train Loss: 0.108401 | Val Loss: 0.083819 | LR: 0.000093
EarlyStopping counter: 21 out of 30
Epoch 072 | Train Loss: 0.108059 | Val Loss: 0.084154 | LR: 0.000093
EarlyStopping counter: 22 out of 30
Epoch 073 | Train Loss: 0.108114 | Val Loss: 0.083601 | LR: 0.000092
EarlyStopping counter: 23 out of 30
Epoch 074 | Train Loss: 0.107794 | Val Loss: 0.084066 | LR: 0.000092
EarlyStopping counter: 24 out of 30
Epoch 075 | Train Loss: 0.107846 | Val Loss: 0.084141 | LR: 0.000092
EarlyStopping counter: 25 out of 30
Epoch 076 | Train Loss: 0.107782 | Val Loss: 0.083822 | LR: 0.000092
EarlyStopping counter: 26 out of 30
Epoch 077 | Train Loss: 0.107546 | Val Loss: 0.081487 | LR: 0.000091
EarlyStopping counter: 27 out of 30
Epoch 078 | Train Loss: 0.107287 | Val Loss: 0.080200 | LR: 0.000091
Validation loss decreased (0.080735 --> 0.080200). Saving model ...
Epoch 079 | Train Loss: 0.107728 | Val Loss: 0.080177 | LR: 0.000091
Validation loss decreased (0.080200 --> 0.080177). Saving model ...
Epoch 080 | Train Loss: 0.107133 | Val Loss: 0.083531 | LR: 0.000091
EarlyStopping counter: 1 out of 30
Epoch 081 | Train Loss: 0.107005 | Val Loss: 0.083918 | LR: 0.000091
EarlyStopping counter: 2 out of 30
Epoch 082 | Train Loss: 0.106731 | Val Loss: 0.083303 | LR: 0.000090
EarlyStopping counter: 3 out of 30
Epoch 083 | Train Loss: 0.106856 | Val Loss: 0.081032 | LR: 0.000090
EarlyStopping counter: 4 out of 30
Epoch 084 | Train Loss: 0.106616 | Val Loss: 0.084129 | LR: 0.000090
EarlyStopping counter: 5 out of 30
Epoch 085 | Train Loss: 0.106657 | Val Loss: 0.085355 | LR: 0.000090
EarlyStopping counter: 6 out of 30
Epoch 086 | Train Loss: 0.106869 | Val Loss: 0.081846 | LR: 0.000089
EarlyStopping counter: 7 out of 30
Epoch 087 | Train Loss: 0.106754 | Val Loss: 0.083362 | LR: 0.000089
EarlyStopping counter: 8 out of 30
Epoch 088 | Train Loss: 0.106240 | Val Loss: 0.082021 | LR: 0.000089
EarlyStopping counter: 9 out of 30
Epoch 089 | Train Loss: 0.106155 | Val Loss: 0.080842 | LR: 0.000089
EarlyStopping counter: 10 out of 30
Epoch 090 | Train Loss: 0.106233 | Val Loss: 0.080642 | LR: 0.000088
EarlyStopping counter: 11 out of 30
Epoch 091 | Train Loss: 0.106241 | Val Loss: 0.080979 | LR: 0.000088
EarlyStopping counter: 12 out of 30
Epoch 092 | Train Loss: 0.105989 | Val Loss: 0.083482 | LR: 0.000088
EarlyStopping counter: 13 out of 30
Epoch 093 | Train Loss: 0.106082 | Val Loss: 0.081591 | LR: 0.000088
EarlyStopping counter: 14 out of 30
Epoch 094 | Train Loss: 0.105766 | Val Loss: 0.082692 | LR: 0.000087
EarlyStopping counter: 15 out of 30
Epoch 095 | Train Loss: 0.105915 | Val Loss: 0.081946 | LR: 0.000087
EarlyStopping counter: 16 out of 30
Epoch 096 | Train Loss: 0.105715 | Val Loss: 0.082542 | LR: 0.000087
EarlyStopping counter: 17 out of 30
Epoch 097 | Train Loss: 0.105678 | Val Loss: 0.081612 | LR: 0.000087
EarlyStopping counter: 18 out of 30
Epoch 098 | Train Loss: 0.105706 | Val Loss: 0.080577 | LR: 0.000086
EarlyStopping counter: 19 out of 30
Epoch 099 | Train Loss: 0.105776 | Val Loss: 0.084187 | LR: 0.000086
EarlyStopping counter: 20 out of 30
Epoch 100 | Train Loss: 0.105639 | Val Loss: 0.081212 | LR: 0.000086
EarlyStopping counter: 21 out of 30
Epoch 101 | Train Loss: 0.105416 | Val Loss: 0.081604 | LR: 0.000086
EarlyStopping counter: 22 out of 30
Epoch 102 | Train Loss: 0.105333 | Val Loss: 0.082872 | LR: 0.000085
EarlyStopping counter: 23 out of 30
Epoch 103 | Train Loss: 0.105314 | Val Loss: 0.080332 | LR: 0.000085
EarlyStopping counter: 24 out of 30
Epoch 104 | Train Loss: 0.105375 | Val Loss: 0.082417 | LR: 0.000085
EarlyStopping counter: 25 out of 30
Epoch 105 | Train Loss: 0.105065 | Val Loss: 0.081874 | LR: 0.000084
EarlyStopping counter: 26 out of 30
Epoch 106 | Train Loss: 0.105230 | Val Loss: 0.083418 | LR: 0.000084
EarlyStopping counter: 27 out of 30
Epoch 107 | Train Loss: 0.105387 | Val Loss: 0.082391 | LR: 0.000084
EarlyStopping counter: 28 out of 30
Epoch 108 | Train Loss: 0.104989 | Val Loss: 0.081321 | LR: 0.000084
EarlyStopping counter: 29 out of 30
Epoch 109 | Train Loss: 0.104812 | Val Loss: 0.080968 | LR: 0.000083
EarlyStopping counter: 30 out of 30
Early stopping triggered!
Training finished. Plotting loss curve...
[Success] Loss curve saved to ./output_results_20260409_135145/Task2_LongTerm/figures/loss_curve_long.png

===== Academic Metrics (Long-Term: 720h) =====
Normalized | MAE: 0.1742 | MSE: 0.0553 | R2: 0.9459
-------------------------------------------------------
Real Scale | MAE: 572.4457 | MSE: 695104.6875
Real Scale | MAPE: 16.4497% | R2: 0.8760

[Success] 30天每日聚合预测已保存至: ./output_results_20260409_135145/Task2_LongTerm/preds/long_term_daily_agg_tqnet_dual.csv
Running t-SNE visualization for Long-Term...
